<?xml version="1.0" encoding="utf-8"?><testsuites name="pytest tests"><testsuite name="pytest" errors="0" failures="1" skipped="0" tests="14" time="34.501" timestamp="2026-09-14T08:50:30.716495+00:00" hostname="agent-env-510d1221-b12b-4892-9036-7143c0072dc0"><testcase classname="tests.test_kpchat_phone_otp.TestOtpVerify" name="test_wrong_code_400_then_success" time="1.976" /><testcase classname="tests.test_kpchat_phone_otp.TestOtpRequest" name="test_register_ok_returns_dev_code" time="0.860" /><testcase classname="tests.test_kpchat_phone_otp.TestOtpRequest" name="test_register_conflict_when_already_registered" time="32.276" /><testcase classname="tests.test_kpchat_phone_otp.TestOtpVerify" name="test_otp_single_use" time="0.792" /><testcase classname="tests.test_kpchat_phone_otp.TestOtpVerify" name="test_five_wrong_codes_429" time="2.171" /><testcase classname="tests.test_kpchat_phone_otp.TestMe" name="test_me_returns_phone_not_email" time="0.785" /><testcase classname="tests.test_kpchat_phone_otp.TestMe" name="test_patch_me_updates_name_about" time="0.813" /><testcase classname="tests.test_kpchat_phone_otp" name="test_root_status" time="0.084" /><testcase classname="tests.test_kpchat_phone_otp.TestChatFlow" name="test_direct_chat_and_message" time="1.572" /><testcase classname="tests.test_kpchat_phone_otp.TestOtpRequest" name="test_login_404_when_unregistered" time="0.135" /><testcase classname="tests.test_kpchat_phone_otp.TestOtpRequest" name="test_cooldown_429" time="0.393" /><testcase classname="tests.test_kpchat_phone_otp.TestOtpRequest" name="test_phone_normalization_spaced" time="0.080"><failure message="assert 409 == 200&#10; +  where 409 = &lt;Response [409]&gt;.status_code">backend/tests/test_kpchat_phone_otp.py:93: in test_phone_normalization_spaced
    assert r.status_code == 200
E   assert 409 == 200
E    +  where 409 = &lt;Response [409]&gt;.status_code</failure></testcase><testcase classname="tests.test_kpchat_phone_otp.TestOtpRequest" name="test_phone_normalization_leading_zero" time="0.308" /><testcase classname="tests.test_kpchat_phone_otp.TestOtpRequest" name="test_malformed_phone_400" time="0.085" /></testsuite></testsuites>