<?xml version="1.0" encoding="utf-8"?><testsuites name="pytest tests"><testsuite name="pytest" errors="0" failures="0" skipped="0" tests="17" time="5.938" timestamp="2026-09-22T01:13:05.033461+00:00" hostname="agent-env-510d1221-b12b-4892-9036-7143c0072dc0"><testcase classname="tests.test_delete_forward.TestDelete" name="test_delete_success_soft_deletes_and_clears_content" time="2.013" /><testcase classname="tests.test_delete_forward.TestDelete" name="test_delete_by_non_sender_forbidden" time="0.142" /><testcase classname="tests.test_delete_forward.TestDelete" name="test_delete_by_non_member_404" time="0.148" /><testcase classname="tests.test_delete_forward.TestDelete" name="test_delete_already_deleted_returns_400" time="0.232" /><testcase classname="tests.test_delete_forward.TestDelete" name="test_delete_older_than_window_returns_400" time="0.212" /><testcase classname="tests.test_delete_forward.TestDelete" name="test_chats_last_message_reflects_deletion" time="0.286" /><testcase classname="tests.test_delete_forward.TestDelete" name="test_delete_broadcasts_ws_event" time="0.569" /><testcase classname="tests.test_delete_forward.TestForward" name="test_forward_text_message_preserves_content" time="0.214" /><testcase classname="tests.test_delete_forward.TestForward" name="test_cannot_forward_deleted_message" time="0.223" /><testcase classname="tests.test_delete_forward.TestForward" name="test_forward_non_member_of_source_403" time="0.140" /><testcase classname="tests.test_delete_forward.TestForward" name="test_forward_all_invalid_targets_404" time="0.154" /><testcase classname="tests.test_delete_forward.TestForward" name="test_forward_filters_non_member_targets" time="0.275" /><testcase classname="tests.test_delete_forward.TestForward" name="test_forward_ignores_reactions_and_reply" time="0.320" /><testcase classname="tests.test_delete_forward.TestForward" name="test_forward_broadcasts_ws_to_target_members" time="0.575" /><testcase classname="tests.test_delete_forward.TestRegression" name="test_send_message_defaults" time="0.066" /><testcase classname="tests.test_delete_forward.TestRegression" name="test_react_still_works" time="0.155" /><testcase classname="tests.test_delete_forward.TestRegression" name="test_reply_still_works" time="0.154" /></testsuite></testsuites>