<?xml version="1.0" encoding="utf-8"?><testsuites name="pytest tests"><testsuite name="pytest" errors="0" failures="0" skipped="0" tests="5" time="4.030" timestamp="2026-09-14T08:33:05.679059+00:00" hostname="agent-env-510d1221-b12b-4892-9036-7143c0072dc0"><testcase classname="tests.test_reactions_reply_audio.TestReact" name="test_add_toggle_switch_reaction" time="1.777" /><testcase classname="tests.test_reactions_reply_audio.TestReply" name="test_send_and_reply_embeds_preview" time="1.781" /><testcase classname="tests.test_reactions_reply_audio.TestReact" name="test_react_returns_message_out" time="0.177" /><testcase classname="tests.test_reactions_reply_audio.TestAudio" name="test_upload_audio_and_send" time="1.901" /><testcase classname="tests.test_reactions_reply_audio.TestReact" name="test_react_on_missing_message_404" time="0.093" /></testsuite></testsuites>