<?xml version="1.0" encoding="utf-8"?><testsuites name="pytest tests"><testsuite name="pytest" errors="0" failures="0" skipped="0" tests="20" time="19.299" timestamp="2026-09-22T00:45:11.331471+00:00" hostname="agent-env-510d1221-b12b-4892-9036-7143c0072dc0"><testcase classname="tests.test_group_admin_receipts.TestChatOut" name="test_created_by_present" time="6.730" /><testcase classname="tests.test_group_admin_receipts.TestUpdateChatName" name="test_admin_rename" time="0.242" /><testcase classname="tests.test_group_admin_receipts.TestUpdateChatName" name="test_non_admin_forbidden" time="0.140" /><testcase classname="tests.test_group_admin_receipts.TestUpdateChatName" name="test_direct_chat_400" time="0.183" /><testcase classname="tests.test_group_admin_receipts.TestUpdateChatName" name="test_empty_body_400" time="0.143" /><testcase classname="tests.test_group_admin_receipts.TestUpdateAvatar" name="test_admin_set_and_clear" time="0.251" /><testcase classname="tests.test_group_admin_receipts.TestUpdateAvatar" name="test_non_admin_forbidden" time="0.143" /><testcase classname="tests.test_group_admin_receipts.TestAddMembers" name="test_admin_adds_new" time="0.157" /><testcase classname="tests.test_group_admin_receipts.TestAddMembers" name="test_duplicate_members_filtered" time="0.224" /><testcase classname="tests.test_group_admin_receipts.TestAddMembers" name="test_unknown_user_400" time="0.161" /><testcase classname="tests.test_group_admin_receipts.TestAddMembers" name="test_non_admin_forbidden" time="0.137" /><testcase classname="tests.test_group_admin_receipts.TestRemoveMembers" name="test_admin_removes_member" time="0.230" /><testcase classname="tests.test_group_admin_receipts.TestRemoveMembers" name="test_self_leave_by_member" time="0.237" /><testcase classname="tests.test_group_admin_receipts.TestRemoveMembers" name="test_non_admin_cannot_remove_other" time="0.209" /><testcase classname="tests.test_group_admin_receipts.TestRemoveMembers" name="test_admin_cannot_remove_self_via_admin_path" time="0.135" /><testcase classname="tests.test_group_admin_receipts.TestReadReceipts" name="test_default_true_and_toggle" time="0.298" /><testcase classname="tests.test_group_admin_receipts.TestReadReceipts" name="test_read_hidden_from_others_when_disabled" time="0.466" /><testcase classname="tests.test_group_admin_receipts.TestReadReceipts" name="test_regression_receipts_visible_when_enabled" time="0.356" /><testcase classname="tests.test_group_admin_receipts.TestWSReadReceipts" name="test_ws_read_not_broadcast_when_disabled" time="4.447" /><testcase classname="tests.test_group_admin_receipts.TestWSReadReceipts" name="test_ws_read_broadcast_when_enabled" time="4.325" /></testsuite></testsuites>