<?xml version="1.0" encoding="utf-8"?><testsuites name="pytest tests"><testsuite name="pytest" errors="0" failures="0" skipped="0" tests="20" time="12.420" timestamp="2026-09-22T00:33:55.720612+00:00" hostname="agent-env-510d1221-b12b-4892-9036-7143c0072dc0"><testcase classname="tests.test_security.TestSEC001OtpGating" name="test_dev_code_returned_when_allow_dev_true" time="0.332" /><testcase classname="tests.test_security.TestSEC001OtpGating" name="test_gating_when_allow_dev_false" time="4.881" /><testcase classname="tests.test_security.TestSEC002JwtSecret" name="test_env_has_strong_jwt_secret" time="0.000" /><testcase classname="tests.test_security.TestSEC003FileAuthorization" name="test_bola_file_and_chat_reference" time="2.331" /><testcase classname="tests.test_security.TestSEC003FileAuthorization" name="test_avatar_public_ish" time="0.709" /><testcase classname="tests.test_security.TestSEC004Uploads" name="test_upload_size_cap_413" time="0.425" /><testcase classname="tests.test_security.TestSEC004Uploads" name="test_upload_small_ok" time="0.387" /><testcase classname="tests.test_security.TestSEC004Uploads" name="test_upload_type_blocked_text" time="0.069" /><testcase classname="tests.test_security.TestSEC004Uploads" name="test_upload_type_blocked_plain" time="0.084" /><testcase classname="tests.test_security.TestSEC004Uploads" name="test_upload_audio_ok" time="0.333" /><testcase classname="tests.test_security.TestSEC004DownloadHeaders" name="test_nosniff_header_present" time="0.592" /><testcase classname="tests.test_security.TestSEC004DownloadHeaders" name="test_path_traversal_blocked" time="0.193" /><testcase classname="tests.test_security.TestMessageLengthCap" name="test_message_5000_rejected" time="0.138" /><testcase classname="tests.test_security.TestMessageLengthCap" name="test_message_4000_ok" time="0.155" /><testcase classname="tests.test_security.TestRateLimitAndRoot" name="test_root_status" time="0.068" /><testcase classname="tests.test_security.TestRateLimitAndRoot" name="test_otp_cooldown_30s" time="0.370" /><testcase classname="tests.test_security.TestJWTVerification" name="test_forged_token_with_old_secret_rejected" time="0.067" /><testcase classname="tests.test_security.TestJWTVerification" name="test_valid_token_accepted" time="0.071" /><testcase classname="tests.test_security.TestChatFlowRegression" name="test_end_to_end_message_and_reaction" time="0.322" /><testcase classname="tests.test_security.TestChatFlowRegression" name="test_websocket_delivery" time="0.784" /></testsuite></testsuites>