<?xml version="1.0" encoding="utf-8"?><testsuites name="pytest tests"><testsuite name="pytest" errors="0" failures="0" skipped="0" tests="15" time="4.018" timestamp="2026-09-14T08:21:42.114108+00:00" hostname="agent-env-510d1221-b12b-4892-9036-7143c0072dc0"><testcase classname="tests.backend_test.TestAuth" name="test_login_ok" time="0.402" /><testcase classname="tests.backend_test.TestAuth" name="test_login_wrong_pw" time="0.443" /><testcase classname="tests.backend_test.TestAuth" name="test_register_duplicate" time="0.221" /><testcase classname="tests.backend_test.TestChats" name="test_direct_idempotent" time="1.479" /><testcase classname="tests.backend_test.TestAuth" name="test_register_new_and_me" time="0.403" /><testcase classname="tests.backend_test.TestAuth" name="test_patch_me" time="0.254" /><testcase classname="tests.backend_test.TestChats" name="test_group_requires_name" time="0.089" /><testcase classname="tests.backend_test.TestChats" name="test_group_ok" time="0.106" /><testcase classname="tests.backend_test.TestChats" name="test_list_chats" time="0.112" /><testcase classname="tests.backend_test.TestWebSocket" name="test_invalid_token_rejected" time="0.265" /><testcase classname="tests.backend_test.TestWebSocket" name="test_valid_connect_and_broadcast" time="0.851" /><testcase classname="tests.backend_test.TestMessages" name="test_send_and_list_marks_read" time="0.691" /><testcase classname="tests.backend_test.TestMessages" name="test_empty_message_rejected" time="0.193" /><testcase classname="tests.backend_test.TestUsers" name="test_list_excludes_self" time="0.084" /><testcase classname="tests.backend_test.TestFiles" name="test_upload_and_download" time="0.757" /></testsuite></testsuites>